{"level":"error","location":"RegisterHandler","msg":"2022-06-16 09:26:29.0442087 +0200 CEST m=+208.835809601User already exist with entered email!","status":"failure","time":"2022-06-16T09:26:29+02:00","timestamp":"2022-06-16 09:26:29.0432048 +0200 CEST m=+208.834805701"}
{"level":"error","location":"RegisterHandler","msg":"2022-06-16 09:28:37.8485659 +0200 CEST m=+337.640166801User already exist with entered email!","status":"failure","time":"2022-06-16T09:28:37+02:00","timestamp":"2022-06-16 09:28:37.8485659 +0200 CEST m=+337.640166801"}
{"level":"error","location":"RegisterHandler","msg":"2022-06-16 09:29:18.6766902 +0200 CEST m=+378.468291101User already exist with entered email!","status":"failure","time":"2022-06-16T09:29:18+02:00","timestamp":"2022-06-16 09:29:18.6766902 +0200 CEST m=+378.468291101"}
{"level":"error","location":"RegisterHandler","msg":"2022-06-16 09:29:32.7570565 +0200 CEST m=+392.548657401User already exist with entered email!","status":"failure","time":"2022-06-16T09:29:32+02:00","timestamp":"2022-06-16 09:29:32.7570565 +0200 CEST m=+392.548657401"}
{"level":"error","location":"RegisterHandler","msg":"2022-06-16 09:30:09.4111478 +0200 CEST m=+429.202748701User already exist with entered email!","status":"failure","time":"2022-06-16T09:30:09+02:00","timestamp":"2022-06-16 09:30:09.4111478 +0200 CEST m=+429.202748701"}
{"level":"error","location":"RegisterHandler","msg":"2022-06-16 09:30:11.0050524 +0200 CEST m=+430.796653301User already exist with entered email!","status":"failure","time":"2022-06-16T09:30:11+02:00","timestamp":"2022-06-16 09:30:11.0050524 +0200 CEST m=+430.796653301"}
{"level":"error","location":"RegisterHandler","msg":"2022-06-16 09:30:26.8528175 +0200 CEST m=+446.644418401User already exist with entered email!","status":"failure","time":"2022-06-16T09:30:26+02:00","timestamp":"2022-06-16 09:30:26.8528175 +0200 CEST m=+446.644418401"}
{"level":"error","location":"RegisterHandler","msg":"2022-06-16 09:30:27.7011021 +0200 CEST m=+447.492703001User already exist with entered email!","status":"failure","time":"2022-06-16T09:30:27+02:00","timestamp":"2022-06-16 09:30:27.7011021 +0200 CEST m=+447.492703001"}
{"level":"error","location":"RegisterHandler","msg":"2022-06-16 09:30:28.2229995 +0200 CEST m=+448.014600401User already exist with entered email!","status":"failure","time":"2022-06-16T09:30:28+02:00","timestamp":"2022-06-16 09:30:28.2229995 +0200 CEST m=+448.014600401"}
{"level":"error","location":"RegisterHandler","msg":"2022-06-16 09:30:58.0970406 +0200 CEST m=+477.888641501User already exist with entered email!","status":"failure","time":"2022-06-16T09:30:58+02:00","timestamp":"2022-06-16 09:30:58.0970406 +0200 CEST m=+477.888641501"}
{"level":"error","location":"RegisterHandler","msg":"2022-06-16 09:31:10.1205251 +0200 CEST m=+489.912126001User already exist with entered email!","status":"failure","time":"2022-06-16T09:31:10+02:00","timestamp":"2022-06-16 09:31:10.1205251 +0200 CEST m=+489.912126001"}
{"level":"error","location":"RegisterHandler","msg":"2022-06-16 09:31:11.1538348 +0200 CEST m=+490.945435701User already exist with entered email!","status":"failure","time":"2022-06-16T09:31:11+02:00","timestamp":"2022-06-16 09:31:11.1538348 +0200 CEST m=+490.945435701"}
{"level":"error","location":"RegisterHandler","msg":"2022-06-16 09:31:54.4371265 +0200 CEST m=+534.228727401User already exist with entered email!","status":"failure","time":"2022-06-16T09:31:54+02:00","timestamp":"2022-06-16 09:31:54.4371265 +0200 CEST m=+534.228727401"}
{"level":"error","location":"RegisterHandler","msg":"2022-06-16 09:32:10.515267 +0200 CEST m=+550.306867901User already exist with entered email!","status":"failure","time":"2022-06-16T09:32:10+02:00","timestamp":"2022-06-16 09:32:10.515267 +0200 CEST m=+550.306867901"}
{"level":"error","location":"RegisterHandler","msg":"2022-06-16 09:32:41.0885547 +0200 CEST m=+580.880155601User already exist with entered email!","status":"failure","time":"2022-06-16T09:32:41+02:00","timestamp":"2022-06-16 09:32:41.0885547 +0200 CEST m=+580.880155601"}
{"level":"error","location":"RegisterHandler","msg":"2022-06-16 09:35:49.5697737 +0200 CEST m=+769.361374601User already exist with entered email!","status":"failure","time":"2022-06-16T09:35:49+02:00","timestamp":"2022-06-16 09:35:49.5697046 +0200 CEST m=+769.361305501"}
{"level":"error","location":"RegisterHandler","msg":"2022-06-16 09:35:57.4649066 +0200 CEST m=+777.256507501User already exist with entered email!","status":"failure","time":"2022-06-16T09:35:57+02:00","timestamp":"2022-06-16 09:35:57.4649066 +0200 CEST m=+777.256507501"}
{"level":"error","location":"RegisterHandler","msg":"2022-06-16 09:35:58.1482246 +0200 CEST m=+777.939825501User already exist with entered email!","status":"failure","time":"2022-06-16T09:35:58+02:00","timestamp":"2022-06-16 09:35:58.1482246 +0200 CEST m=+777.939825501"}
{"level":"error","location":"RegisterHandler","msg":"2022-06-16 09:36:28.576638 +0200 CEST m=+808.368238901User already exist with entered email!","status":"failure","time":"2022-06-16T09:36:28+02:00","timestamp":"2022-06-16 09:36:28.576638 +0200 CEST m=+808.368238901"}
{"level":"error","location":"RegisterHandler","msg":"2022-06-16 09:36:30.8747111 +0200 CEST m=+810.666312001User already exist with entered email!","status":"failure","time":"2022-06-16T09:36:30+02:00","timestamp":"2022-06-16 09:36:30.8747111 +0200 CEST m=+810.666312001"}
{"level":"error","location":"RegisterHandler","msg":"2022-06-16 09:37:39.817555 +0200 CEST m=+879.609155901User already exist with entered username!","status":"failure","time":"2022-06-16T09:37:39+02:00","timestamp":"2022-06-16 09:37:39.817555 +0200 CEST m=+879.609155901"}
{"level":"error","location":"RegisterHandler","msg":"2022-06-16 09:40:44.886559 +0200 CEST m=+1064.678159901User already exist with entered username!","status":"failure","time":"2022-06-16T09:40:44+02:00","timestamp":"2022-06-16 09:40:44.886559 +0200 CEST m=+1064.678159901"}
{"level":"error","location":"RegisterHandler","msg":"2022-06-16 09:41:31.0464772 +0200 CEST m=+1110.838078101User already exist with entered username!","status":"failure","time":"2022-06-16T09:41:31+02:00","timestamp":"2022-06-16 09:41:31.0464772 +0200 CEST m=+1110.838078101"}
{"level":"error","location":"LogInHandler","msg":"2022-06-16 09:45:58.550603 +0200 CEST m=+1378.342203901Password isn't in valid format!","status":"failure","time":"2022-06-16T09:45:58+02:00","timestamp":"2022-06-16 09:45:58.550603 +0200 CEST m=+1378.342203901"}
{"level":"error","location":"LogInHandler","msg":"2022-06-16 09:50:06.3488053 +0200 CEST m=+1626.140406201Password isn't in valid format!","status":"failure","time":"2022-06-16T09:50:06+02:00","timestamp":"2022-06-16 09:50:06.3488053 +0200 CEST m=+1626.140406201"}
{"level":"error","location":"LogInHandler","msg":"2022-06-16 09:50:12.1858766 +0200 CEST m=+1631.977477501Password isn't in valid format!","status":"failure","time":"2022-06-16T09:50:12+02:00","timestamp":"2022-06-16 09:50:12.1858766 +0200 CEST m=+1631.977477501"}
{"level":"error","location":"LogInHandler","msg":"2022-06-16 09:50:18.021077 +0200 CEST m=+1637.812677901Password isn't in valid format!","status":"failure","time":"2022-06-16T09:50:18+02:00","timestamp":"2022-06-16 09:50:18.021077 +0200 CEST m=+1637.812677901"}
{"level":"error","location":"LogInHandler","msg":"2022-06-16 09:50:32.1899056 +0200 CEST m=+1651.981506501Password isn't in valid format!","status":"failure","time":"2022-06-16T09:50:32+02:00","timestamp":"2022-06-16 09:50:32.1899056 +0200 CEST m=+1651.981506501"}
{"level":"error","location":"LogInHandler","msg":"2022-06-16 09:50:54.1563754 +0200 CEST m=+1673.947976301Password isn't in valid format!","status":"failure","time":"2022-06-16T09:50:54+02:00","timestamp":"2022-06-16 09:50:54.1553723 +0200 CEST m=+1673.946973201"}
{"level":"error","location":"LogInHandler","msg":"2022-06-16 09:51:16.6872276 +0200 CEST m=+1696.478828501Failed sign up!","status":"failure","time":"2022-06-16T09:51:16+02:00","timestamp":"2022-06-16 09:51:16.6872276 +0200 CEST m=+1696.478828501"}
{"level":"error","location":"LogInHandler","msg":"2022-06-16 09:52:56.382404 +0200 CEST m=+1796.174004901Password isn't in valid format!","status":"failure","time":"2022-06-16T09:52:56+02:00","timestamp":"2022-06-16 09:52:56.382404 +0200 CEST m=+1796.174004901"}
{"level":"error","location":"LogInHandler","msg":"2022-06-16 09:54:00.021998 +0200 CEST m=+1859.813598901Password isn't in valid format!","status":"failure","time":"2022-06-16T09:54:00+02:00","timestamp":"2022-06-16 09:54:00.021998 +0200 CEST m=+1859.813598901"}
{"level":"error","location":"LogInHandler","msg":"2022-06-16 09:54:25.6977884 +0200 CEST m=+1885.489389301Password isn't in valid format!","status":"failure","time":"2022-06-16T09:54:25+02:00","timestamp":"2022-06-16 09:54:25.6977884 +0200 CEST m=+1885.489389301"}
{"level":"error","location":"LogInHandler","msg":"2022-06-16 09:54:28.5011478 +0200 CEST m=+1888.292748701Password isn't in valid format!","status":"failure","time":"2022-06-16T09:54:28+02:00","timestamp":"2022-06-16 09:54:28.5011478 +0200 CEST m=+1888.292748701"}
{"level":"error","location":"LogInHandler","msg":"2022-06-16 09:59:24.7649001 +0200 CEST m=+2184.556501001Password isn't in valid format!","status":"failure","time":"2022-06-16T09:59:24+02:00","timestamp":"2022-06-16 09:59:24.7649001 +0200 CEST m=+2184.556501001"}
{"level":"error","location":"LogInHandler","msg":"2022-06-16 09:59:27.3684806 +0200 CEST m=+2187.160081501Password isn't in valid format!","status":"failure","time":"2022-06-16T09:59:27+02:00","timestamp":"2022-06-16 09:59:27.3684806 +0200 CEST m=+2187.160081501"}
{"level":"error","location":"LogInHandler","msg":"2022-06-16 09:59:31.1440007 +0200 CEST m=+2190.935601601Password isn't in valid format!","status":"failure","time":"2022-06-16T09:59:31+02:00","timestamp":"2022-06-16 09:59:31.1440007 +0200 CEST m=+2190.935601601"}
{"level":"error","location":"LogInHandler","msg":"2022-06-16 09:59:39.6913161 +0200 CEST m=+2199.482917001Password isn't in valid format!","status":"failure","time":"2022-06-16T09:59:39+02:00","timestamp":"2022-06-16 09:59:39.6913161 +0200 CEST m=+2199.482917001"}
{"level":"error","location":"LogInHandler","msg":"2022-06-16 10:00:45.8592394 +0200 CEST m=+2265.650840301Password isn't in valid format!","status":"failure","time":"2022-06-16T10:00:45+02:00","timestamp":"2022-06-16 10:00:45.8592394 +0200 CEST m=+2265.650840301"}
{"level":"error","location":"LogInHandler","msg":"2022-06-16 10:01:16.7759665 +0200 CEST m=+2296.567567401Password isn't in valid format!","status":"failure","time":"2022-06-16T10:01:16+02:00","timestamp":"2022-06-16 10:01:16.7759665 +0200 CEST m=+2296.567567401"}
{"level":"error","location":"LogInHandler","msg":"Password isn't in valid format!","status":"failure","time":"2022-06-16T11:09:16+02:00","timestamp":"2022-06-16 11:09:16.3290627 +0200 CEST m=+48.825460301"}
{"action":"CreateUser","level":"error","location":"RegisterHandler","msg":"User already exist with entered username!","status":"failure","time":"2022-06-27T18:24:42+02:00","timestamp":"2022-06-27 18:24:42.1119254 +0200 CEST m=+612.242411101"}
{"action":"CreateUser","level":"error","location":"RegisterHandler","msg":"User already exist with entered email!","status":"failure","time":"2022-06-27T18:24:56+02:00","timestamp":"2022-06-27 18:24:56.1795414 +0200 CEST m=+626.310027101"}
{"action":"CreateUser","level":"error","location":"RegisterHandler","msg":"User already exist with entered email!","status":"failure","time":"2022-06-28T01:46:34+02:00","timestamp":"2022-06-28 01:46:34.078026 +0200 CEST m=+48.948983001"}
{"action":"CreateUser","level":"error","location":"RegisterHandler","msg":"User already exist with entered username!","status":"failure","time":"2022-06-28T01:46:56+02:00","timestamp":"2022-06-28 01:46:56.2807909 +0200 CEST m=+71.151747901"}
{"action":"CreateUser","level":"error","location":"RegisterHandler","msg":"User already exist with entered username!","status":"failure","time":"2022-06-28T01:48:02+02:00","timestamp":"2022-06-28 01:48:02.0123122 +0200 CEST m=+136.883269201"}
{"action":"CreateUser","level":"error","location":"RegisterHandler","msg":"User already exist with entered username!","status":"failure","time":"2022-06-28T01:48:10+02:00","timestamp":"2022-06-28 01:48:10.1262302 +0200 CEST m=+144.997187201"}
{"action":"CreateUser","level":"error","location":"RegisterHandler","msg":"User already exist with entered username!","status":"failure","time":"2022-06-28T01:49:39+02:00","timestamp":"2022-06-28 01:49:39.4853601 +0200 CEST m=+234.356317101"}
{"action":"CreateUser","level":"error","location":"RegisterHandler","msg":"User already exist with entered username!","status":"failure","time":"2022-06-28T01:49:45+02:00","timestamp":"2022-06-28 01:49:45.1744652 +0200 CEST m=+240.045422201"}
{"action":"UpdateUserProfileInfo","level":"error","location":"UpdateProfileHandler","msg":"User is not logged in!","status":"failure","time":"2022-06-28T01:54:59+02:00","timestamp":"2022-06-28 01:54:59.9879221 +0200 CEST m=+34.963916401"}
{"action":"UpdateUserProfileInfo","level":"error","location":"UpdateProfileHandler","msg":"User is not logged in!","status":"failure","time":"2022-06-28T01:55:10+02:00","timestamp":"2022-06-28 01:55:10.4080603 +0200 CEST m=+45.384054601"}
{"action":"UpdateUserProfileInfo","level":"error","location":"UpdateProfileHandler","msg":"User is not logged in!","status":"failure","time":"2022-06-28T01:55:14+02:00","timestamp":"2022-06-28 01:55:14.4929118 +0200 CEST m=+49.468906101"}
{"action":"CreateUser","level":"error","location":"RegisterHandler","msg":"User already exist with entered username!","status":"failure","time":"2022-06-28T02:14:21+02:00","timestamp":"2022-06-28 02:14:21.7144301 +0200 CEST m=+383.078403101"}
{"action":"CreateUser","level":"error","location":"RegisterHandler","msg":"User already exist with entered username!","status":"failure","time":"2022-06-28T02:14:29+02:00","timestamp":"2022-06-28 02:14:29.3981456 +0200 CEST m=+390.762118601"}
{"action":"CreateUser","level":"error","location":"RegisterHandler","msg":"User already exist with entered username!","status":"failure","time":"2022-06-28T02:14:36+02:00","timestamp":"2022-06-28 02:14:36.2582874 +0200 CEST m=+397.622260401"}
{"action":"CreateUser","level":"error","location":"RegisterHandler","msg":"User already exist with entered username!","status":"failure","time":"2022-06-28T02:15:10+02:00","timestamp":"2022-06-28 02:15:10.2799145 +0200 CEST m=+431.643887501"}
{"action":"CreateUser","level":"error","location":"RegisterHandler","msg":"User already exist with entered email!","status":"failure","time":"2022-06-28T02:59:41+02:00","timestamp":"2022-06-28 02:59:41.1569062 +0200 CEST m=+2604.481633701"}
{"action":"FindByUserName","level":"error","location":"UserHandler","msg":"User not found!","status":"failure","time":"2022-06-28T02:59:41+02:00","timestamp":"2022-06-28 02:59:41.882827 +0200 CEST m=+2605.207554501"}
{"action":"CreateUser","level":"error","location":"RegisterHandler","msg":"User already exist with entered username!","status":"failure","time":"2022-06-28T03:00:18+02:00","timestamp":"2022-06-28 03:00:18.7356287 +0200 CEST m=+2642.060356201"}
{"action":"CreateUser","level":"error","location":"RegisterHandler","msg":"User already exist with entered username!","status":"failure","time":"2022-06-28T14:37:18+02:00","timestamp":"2022-06-28 14:37:18.8675875 +0200 CEST m=+100.514767901"}
{"action":"CreateUser","level":"error","location":"RegisterHandler","msg":"User already exist with entered username!","status":"failure","time":"2022-06-28T14:38:32+02:00","timestamp":"2022-06-28 14:38:32.749772 +0200 CEST m=+41.894175501"}
{"action":"CreateUser","level":"error","location":"RegisterHandler","msg":"User already exist with entered username!","status":"failure","time":"2022-06-28T14:38:37+02:00","timestamp":"2022-06-28 14:38:37.158915 +0200 CEST m=+46.303318501"}
{"action":"CreateUser","level":"error","location":"RegisterHandler","msg":"User already exist with entered email!","status":"failure","time":"2022-06-28T15:00:11+02:00","timestamp":"2022-06-28 15:00:11.234176 +0200 CEST m=+29.062334801"}
{"action":"CreateUser","level":"error","location":"RegisterHandler","msg":"User already exist with entered email!","status":"failure","time":"2022-06-28T15:28:08+02:00","timestamp":"2022-06-28 15:28:08.1901001 +0200 CEST m=+344.693509101"}
{"action":"CreateUser","level":"error","location":"RegisterHandler","msg":"User already exist with entered username!","status":"failure","time":"2022-06-28T15:28:25+02:00","timestamp":"2022-06-28 15:28:25.4316134 +0200 CEST m=+361.935022401"}
{"action":"CreateUser","level":"error","location":"RegisterHandler","msg":"User already exist with entered email!","status":"failure","time":"2022-06-28T15:28:33+02:00","timestamp":"2022-06-28 15:28:33.5046433 +0200 CEST m=+370.008052301"}
{"action":"CreateUser","level":"error","location":"RegisterHandler","msg":"User already exist with entered username!","status":"failure","time":"2022-06-28T15:50:54+02:00","timestamp":"2022-06-28 15:50:54.3916921 +0200 CEST m=+296.089135901"}
{"action":"CreateUser","level":"error","location":"RegisterHandler","msg":"User already exist with entered email!","status":"failure","time":"2022-06-28T15:52:00+02:00","timestamp":"2022-06-28 15:52:00.4341298 +0200 CEST m=+362.131573601"}
{"action":"FindByUserName","level":"error","location":"UserHandler","msg":"User not found!","status":"failure","time":"2022-06-28T15:52:01+02:00","timestamp":"2022-06-28 15:52:01.417122 +0200 CEST m=+363.114565801"}
{"action":"CreateUser","level":"error","location":"RegisterHandler","msg":"User already exist with entered username!","status":"failure","time":"2022-06-28T15:54:08+02:00","timestamp":"2022-06-28 15:54:08.5718385 +0200 CEST m=+490.269282301"}
{"action":"LogIn","level":"error","location":"LogInHandler","msg":"Password isn't in valid format!","status":"failure","time":"2022-06-28T16:19:12+02:00","timestamp":"2022-06-28 16:19:12.3646136 +0200 CEST m=+1994.062057401"}
{"action":"CreateUser","level":"error","location":"RegisterHandler","msg":"User already exist with entered username!","status":"failure","time":"2022-06-28T16:19:38+02:00","timestamp":"2022-06-28 16:19:38.2071479 +0200 CEST m=+2019.904591701"}
{"action":"CreateUser","level":"error","location":"RegisterHandler","msg":"User already exist with entered email!","status":"failure","time":"2022-06-28T16:19:46+02:00","timestamp":"2022-06-28 16:19:46.6589376 +0200 CEST m=+2028.356381401"}
{"action":"CreateUser","level":"error","location":"RegisterHandler","msg":"User already exist with entered username!","status":"failure","time":"2022-06-28T16:20:11+02:00","timestamp":"2022-06-28 16:20:11.6425835 +0200 CEST m=+2053.340027301"}
{"action":"CreateUser","level":"error","location":"RegisterHandler","msg":"User already exist with entered username!","status":"failure","time":"2022-06-28T16:32:28+02:00","timestamp":"2022-06-28 16:32:28.3918059 +0200 CEST m=+2790.089249701"}
{"action":"CreateUser","level":"error","location":"RegisterHandler","msg":"User already exist with entered username!","status":"failure","time":"2022-06-28T16:32:37+02:00","timestamp":"2022-06-28 16:32:37.7880557 +0200 CEST m=+2799.485499501"}
{"action":"CreateUser","level":"error","location":"RegisterHandler","msg":"User already exist with entered username!","status":"failure","time":"2022-06-28T16:40:31+02:00","timestamp":"2022-06-28 16:40:31.8338451 +0200 CEST m=+3273.531288901"}
{"action":"FindByUserName","level":"error","location":"UserHandler","msg":"User not found!","status":"failure","time":"2022-06-28T22:59:46+02:00","timestamp":"2022-06-28 22:59:46.4717893 +0200 CEST m=+12.798998201"}
{"action":"FindByUserName","level":"error","location":"UserHandler","msg":"User not found!","status":"failure","time":"2022-06-29T01:01:06+02:00","timestamp":"2022-06-29 01:01:06.2357336 +0200 CEST m=+7292.562942501"}
{"action":"CreateUser","level":"error","location":"RegisterHandler","msg":"User already exist with entered username!","status":"failure","time":"2022-07-10T15:55:01+02:00","timestamp":"2022-07-10 15:55:01.8469259 +0200 CEST m=+222.004697801"}
{"action":"CreateUser","level":"error","location":"RegisterHandler","msg":"User already exist with entered username!","status":"failure","time":"2022-07-10T16:04:13+02:00","timestamp":"2022-07-10 16:04:13.2791729 +0200 CEST m=+773.436944801"}
{"action":"CreateUser","level":"error","location":"RegisterHandler","msg":"User already exist with entered username!","status":"failure","time":"2022-07-10T16:11:42+02:00","timestamp":"2022-07-10 16:11:42.3970644 +0200 CEST m=+1222.554836301"}
