{"level":"info","location":"RegisterHandler","msg":"2022-06-16 09:36:44.6449883 +0200 CEST m=+824.436589201Successfully sended email with confirmation token!","status":"success","time":"2022-06-16T09:36:44+02:00","timestamp":"2022-06-16 09:36:44.6449883 +0200 CEST m=+824.436589201"}
{"level":"info","location":"RegisterHandler","msg":"2022-06-16 09:38:41.8086966 +0200 CEST m=+941.600297501Successfully sended email with confirmation token!","status":"success","time":"2022-06-16T09:38:41+02:00","timestamp":"2022-06-16 09:38:41.8086966 +0200 CEST m=+941.600297501"}
{"level":"info","location":"RegisterHandler","msg":"2022-06-16 09:43:54.1338608 +0200 CEST m=+1253.925461701Successfully sended email with confirmation token!","status":"success","time":"2022-06-16T09:43:54+02:00","timestamp":"2022-06-16 09:43:54.1328642 +0200 CEST m=+1253.924465101"}
{"level":"info","location":"LogInHandler","msg":"2022-06-16 09:51:05.2120566 +0200 CEST m=+1685.003657501Successfully sign in user","status":"success","time":"2022-06-16T09:51:05+02:00","timestamp":"2022-06-16 09:51:05.2120566 +0200 CEST m=+1685.003657501"}
{"level":"info","location":"LogInHandler","msg":"2022-06-16 09:53:15.103534 +0200 CEST m=+1814.895134901Successfully sign in user","status":"success","time":"2022-06-16T09:53:15+02:00","timestamp":"2022-06-16 09:53:15.103534 +0200 CEST m=+1814.895134901"}
{"level":"info","location":"LogInHandler","msg":"2022-06-16 10:01:22.2790186 +0200 CEST m=+2302.070619501Successfully sign in user","status":"success","time":"2022-06-16T10:01:22+02:00","timestamp":"2022-06-16 10:01:22.2790186 +0200 CEST m=+2302.070619501"}
{"level":"info","location":"UserHandler","msg":"2022-06-16 10:43:21.1438078 +0200 CEST m=+4820.935408701Successfully founded user by username!","status":"success","time":"2022-06-16T10:43:21+02:00","timestamp":"2022-06-16 10:43:21.1438078 +0200 CEST m=+4820.935408701"}
{"level":"info","location":"UpdateProfileHandler","msg":"2022-06-16 10:43:39.0238453 +0200 CEST m=+4838.815446201Successfully updated user profile info!","status":"success","time":"2022-06-16T10:43:39+02:00","timestamp":"2022-06-16 10:43:39.0238453 +0200 CEST m=+4838.815446201"}
{"level":"info","location":"UpdateProfileHandler","msg":"2022-06-16 10:43:44.0681709 +0200 CEST m=+4843.859771801Successfully updated user profile info!","status":"success","time":"2022-06-16T10:43:44+02:00","timestamp":"2022-06-16 10:43:44.0681709 +0200 CEST m=+4843.859771801"}
{"level":"info","location":"UserHandler","msg":"2022-06-16 10:43:44.9210454 +0200 CEST m=+4844.712646301Successfully founded user by username!","status":"success","time":"2022-06-16T10:43:44+02:00","timestamp":"2022-06-16 10:43:44.9210454 +0200 CEST m=+4844.712646301"}
{"level":"info","location":"UserHandler","msg":"2022-06-16 10:51:16.3888297 +0200 CEST m=+5296.180522801Successfully sended email!","status":"success","time":"2022-06-16T10:51:16+02:00","timestamp":"2022-06-16 10:51:16.3888297 +0200 CEST m=+5296.180522801"}
{"level":"info","location":"UserHandler","msg":"2022-06-16 10:54:05.6627113 +0200 CEST m=+5465.454404401Successfully sended email!","status":"success","time":"2022-06-16T10:54:05+02:00","timestamp":"2022-06-16 10:54:05.6616466 +0200 CEST m=+5465.453339701"}
{"action":"LogIn","level":"info","location":"LogInHandler","msg":"Successfully sign in user","status":"success","time":"2022-06-27T18:26:30+02:00","timestamp":"2022-06-27 18:26:30.9220134 +0200 CEST m=+721.052499101"}
{"action":"FindByUserName","level":"info","location":"UserHandler","msg":"Successfully founded user by username!","status":"success","time":"2022-06-27T18:26:37+02:00","timestamp":"2022-06-27 18:26:37.4641938 +0200 CEST m=+727.594679501"}
{"action":"UpdateUserProfileInfo","level":"info","location":"UpdateProfileHandler","msg":"Successfully updated user profile info!","status":"success","time":"2022-06-27T18:26:51+02:00","timestamp":"2022-06-27 18:26:51.8321258 +0200 CEST m=+741.962611501"}
{"action":"UpdateUserProfileInfo","level":"info","location":"UpdateProfileHandler","msg":"Successfully updated user profile info!","status":"success","time":"2022-06-27T18:26:56+02:00","timestamp":"2022-06-27 18:26:56.0283304 +0200 CEST m=+746.158816101"}
{"action":"FindByUserName","level":"info","location":"UserHandler","msg":"Successfully founded user by username!","status":"success","time":"2022-06-27T18:26:56+02:00","timestamp":"2022-06-27 18:26:56.6648843 +0200 CEST m=+746.795370001"}
{"action":"UpdateUserProfileInfo","level":"info","location":"UpdateProfileHandler","msg":"Successfully updated user profile info!","status":"success","time":"2022-06-27T18:27:12+02:00","timestamp":"2022-06-27 18:27:12.6511638 +0200 CEST m=+762.781649501"}
{"action":"FindByUserName","level":"info","location":"UserHandler","msg":"Successfully founded user by username!","status":"success","time":"2022-06-27T18:27:13+02:00","timestamp":"2022-06-27 18:27:13.1680976 +0200 CEST m=+763.298583301"}
{"action":"LogIn","level":"info","location":"LogInHandler","msg":"Successfully sign in user","status":"success","time":"2022-06-27T23:11:12+02:00","timestamp":"2022-06-27 23:11:12.6546473 +0200 CEST m=+212.753363401"}
{"action":"FindByUserName","level":"info","location":"UserHandler","msg":"Successfully founded user by username!","status":"success","time":"2022-06-27T23:11:14+02:00","timestamp":"2022-06-27 23:11:14.6250794 +0200 CEST m=+214.723795501"}
{"action":"FindByUserName","level":"info","location":"UserHandler","msg":"Successfully founded user by username!","status":"success","time":"2022-06-27T23:13:26+02:00","timestamp":"2022-06-27 23:13:26.9226116 +0200 CEST m=+347.021327701"}
{"action":"FindByUserName","level":"info","location":"UserHandler","msg":"Successfully founded user by username!","status":"success","time":"2022-06-27T23:14:25+02:00","timestamp":"2022-06-27 23:14:25.119309 +0200 CEST m=+405.218025101"}
{"action":"FindByUserName","level":"info","location":"UserHandler","msg":"Successfully founded user by username!","status":"success","time":"2022-06-27T23:14:26+02:00","timestamp":"2022-06-27 23:14:26.6399473 +0200 CEST m=+406.738663401"}
{"action":"FindByUserName","level":"info","location":"UserHandler","msg":"Successfully founded user by username!","status":"success","time":"2022-06-27T23:15:37+02:00","timestamp":"2022-06-27 23:15:37.1182395 +0200 CEST m=+477.216955601"}
{"action":"FindByUserName","level":"info","location":"UserHandler","msg":"Successfully founded user by username!","status":"success","time":"2022-06-27T23:15:47+02:00","timestamp":"2022-06-27 23:15:47.5850581 +0200 CEST m=+487.683774201"}
{"action":"FindByUserName","level":"info","location":"UserHandler","msg":"Successfully founded user by username!","status":"success","time":"2022-06-27T23:18:44+02:00","timestamp":"2022-06-27 23:18:44.8359089 +0200 CEST m=+664.934625001"}
{"action":"FindByUserName","level":"info","location":"UserHandler","msg":"Successfully founded user by username!","status":"success","time":"2022-06-27T23:20:01+02:00","timestamp":"2022-06-27 23:20:01.0734924 +0200 CEST m=+741.172208501"}
{"action":"FindByUserName","level":"info","location":"UserHandler","msg":"Successfully founded user by username!","status":"success","time":"2022-06-27T23:20:50+02:00","timestamp":"2022-06-27 23:20:50.1951 +0200 CEST m=+790.293816101"}
{"action":"FindByUserName","level":"info","location":"UserHandler","msg":"Successfully founded user by username!","status":"success","time":"2022-06-27T23:21:32+02:00","timestamp":"2022-06-27 23:21:32.0121881 +0200 CEST m=+832.110904201"}
{"action":"FindByUserName","level":"info","location":"UserHandler","msg":"Successfully founded user by username!","status":"success","time":"2022-06-27T23:23:56+02:00","timestamp":"2022-06-27 23:23:56.2030154 +0200 CEST m=+976.301731501"}
{"action":"FindByUserName","level":"info","location":"UserHandler","msg":"Successfully founded user by username!","status":"success","time":"2022-06-27T23:24:15+02:00","timestamp":"2022-06-27 23:24:15.3350654 +0200 CEST m=+995.433781501"}
{"action":"FindByUserName","level":"info","location":"UserHandler","msg":"Successfully founded user by username!","status":"success","time":"2022-06-27T23:28:20+02:00","timestamp":"2022-06-27 23:28:20.3891678 +0200 CEST m=+1240.487883901"}
{"action":"FindByUserName","level":"info","location":"UserHandler","msg":"Successfully founded user by username!","status":"success","time":"2022-06-27T23:28:53+02:00","timestamp":"2022-06-27 23:28:53.2632879 +0200 CEST m=+1273.362004001"}
{"action":"FindByUserName","level":"info","location":"UserHandler","msg":"Successfully founded user by username!","status":"success","time":"2022-06-27T23:35:50+02:00","timestamp":"2022-06-27 23:35:50.3627879 +0200 CEST m=+1690.461504001"}
{"action":"FindByUserName","level":"info","location":"UserHandler","msg":"Successfully founded user by username!","status":"success","time":"2022-06-27T23:36:31+02:00","timestamp":"2022-06-27 23:36:31.4668619 +0200 CEST m=+1731.565578001"}
{"action":"FindByUserName","level":"info","location":"UserHandler","msg":"Successfully founded user by username!","status":"success","time":"2022-06-27T23:37:34+02:00","timestamp":"2022-06-27 23:37:34.5069794 +0200 CEST m=+1794.605695501"}
{"action":"FindByUserName","level":"info","location":"UserHandler","msg":"Successfully founded user by username!","status":"success","time":"2022-06-27T23:38:13+02:00","timestamp":"2022-06-27 23:38:13.8414213 +0200 CEST m=+1833.940137401"}
{"action":"FindByUserName","level":"info","location":"UserHandler","msg":"Successfully founded user by username!","status":"success","time":"2022-06-27T23:38:46+02:00","timestamp":"2022-06-27 23:38:46.0132696 +0200 CEST m=+1866.111985701"}
{"action":"FindByUserName","level":"info","location":"UserHandler","msg":"Successfully founded user by username!","status":"success","time":"2022-06-27T23:39:33+02:00","timestamp":"2022-06-27 23:39:33.7189147 +0200 CEST m=+1913.817630801"}
{"action":"FindByUserName","level":"info","location":"UserHandler","msg":"Successfully founded user by username!","status":"success","time":"2022-06-27T23:41:07+02:00","timestamp":"2022-06-27 23:41:07.2940666 +0200 CEST m=+2007.392782701"}
{"action":"FindByUserName","level":"info","location":"UserHandler","msg":"Successfully founded user by username!","status":"success","time":"2022-06-27T23:43:31+02:00","timestamp":"2022-06-27 23:43:31.1525631 +0200 CEST m=+2151.251279201"}
{"action":"FindByUserName","level":"info","location":"UserHandler","msg":"Successfully founded user by username!","status":"success","time":"2022-06-27T23:44:38+02:00","timestamp":"2022-06-27 23:44:38.2451542 +0200 CEST m=+2218.343870301"}
{"action":"FindByUserName","level":"info","location":"UserHandler","msg":"Successfully founded user by username!","status":"success","time":"2022-06-27T23:45:07+02:00","timestamp":"2022-06-27 23:45:07.6850937 +0200 CEST m=+2247.783809801"}
{"action":"FindByUserName","level":"info","location":"UserHandler","msg":"Successfully founded user by username!","status":"success","time":"2022-06-27T23:55:12+02:00","timestamp":"2022-06-27 23:55:12.2228445 +0200 CEST m=+2852.321560601"}
{"action":"LogIn","level":"info","location":"LogInHandler","msg":"Successfully sign in user","status":"success","time":"2022-06-28T00:03:21+02:00","timestamp":"2022-06-28 00:03:21.0746339 +0200 CEST m=+22.824030001"}
{"action":"FindByUserName","level":"info","location":"UserHandler","msg":"Successfully founded user by username!","status":"success","time":"2022-06-28T00:03:22+02:00","timestamp":"2022-06-28 00:03:22.7659868 +0200 CEST m=+24.515382901"}
{"action":"UpdateUserProfileInfo","level":"info","location":"UpdateProfileHandler","msg":"Successfully updated user profile info!","status":"success","time":"2022-06-28T00:03:37+02:00","timestamp":"2022-06-28 00:03:37.2052529 +0200 CEST m=+38.954649001"}
{"action":"FindByUserName","level":"info","location":"UserHandler","msg":"Successfully founded user by username!","status":"success","time":"2022-06-28T00:03:37+02:00","timestamp":"2022-06-28 00:03:37.9548465 +0200 CEST m=+39.704242601"}
{"action":"UpdateUserProfileInfo","level":"info","location":"UpdateProfileHandler","msg":"Successfully updated user profile info!","status":"success","time":"2022-06-28T00:03:49+02:00","timestamp":"2022-06-28 00:03:49.8913146 +0200 CEST m=+51.640710701"}
{"action":"FindByUserName","level":"info","location":"UserHandler","msg":"Successfully founded user by username!","status":"success","time":"2022-06-28T00:03:50+02:00","timestamp":"2022-06-28 00:03:50.4386693 +0200 CEST m=+52.188065401"}
{"action":"LogIn","level":"info","location":"LogInHandler","msg":"Successfully sign in user","status":"success","time":"2022-06-28T00:15:54+02:00","timestamp":"2022-06-28 00:15:54.3379097 +0200 CEST m=+191.366340201"}
{"action":"FindByUserName","level":"info","location":"UserHandler","msg":"Successfully founded user by username!","status":"success","time":"2022-06-28T00:15:55+02:00","timestamp":"2022-06-28 00:15:55.9230893 +0200 CEST m=+192.951519801"}
{"action":"UpdateUserProfileInfo","level":"info","location":"UpdateProfileHandler","msg":"Successfully updated user profile info!","status":"success","time":"2022-06-28T00:16:01+02:00","timestamp":"2022-06-28 00:16:01.7743007 +0200 CEST m=+198.802731201"}
{"action":"FindByUserName","level":"info","location":"UserHandler","msg":"Successfully founded user by username!","status":"success","time":"2022-06-28T00:16:02+02:00","timestamp":"2022-06-28 00:16:02.7833378 +0200 CEST m=+199.811768301"}
{"action":"UpdateUserProfileInfo","level":"info","location":"UpdateProfileHandler","msg":"Successfully updated user profile info!","status":"success","time":"2022-06-28T00:16:27+02:00","timestamp":"2022-06-28 00:16:27.3136428 +0200 CEST m=+224.342073301"}
{"action":"FindByUserName","level":"info","location":"UserHandler","msg":"Successfully founded user by username!","status":"success","time":"2022-06-28T00:16:27+02:00","timestamp":"2022-06-28 00:16:27.8681753 +0200 CEST m=+224.896605801"}
{"action":"LogIn","level":"info","location":"LogInHandler","msg":"Successfully sign in user","status":"success","time":"2022-06-28T00:34:27+02:00","timestamp":"2022-06-28 00:34:27.5631561 +0200 CEST m=+622.514930301"}
{"action":"FindByUserName","level":"info","location":"UserHandler","msg":"Successfully founded user by username!","status":"success","time":"2022-06-28T00:34:29+02:00","timestamp":"2022-06-28 00:34:29.334892 +0200 CEST m=+624.286666201"}
{"action":"FindByUserName","level":"info","location":"UserHandler","msg":"Successfully founded user by username!","status":"success","time":"2022-06-28T00:35:10+02:00","timestamp":"2022-06-28 00:35:10.0900776 +0200 CEST m=+665.041851801"}
{"action":"FindByUserName","level":"info","location":"UserHandler","msg":"Successfully founded user by username!","status":"success","time":"2022-06-28T00:36:12+02:00","timestamp":"2022-06-28 00:36:12.8801851 +0200 CEST m=+727.831959301"}
{"action":"FindByUserName","level":"info","location":"UserHandler","msg":"Successfully founded user by username!","status":"success","time":"2022-06-28T00:36:42+02:00","timestamp":"2022-06-28 00:36:42.7419342 +0200 CEST m=+757.693708401"}
{"action":"FindByUserName","level":"info","location":"UserHandler","msg":"Successfully founded user by username!","status":"success","time":"2022-06-28T00:37:38+02:00","timestamp":"2022-06-28 00:37:38.3247747 +0200 CEST m=+813.276548901"}
{"action":"UpdateUserProfileInfo","level":"info","location":"UpdateProfileHandler","msg":"Successfully updated user profile info!","status":"success","time":"2022-06-28T00:37:46+02:00","timestamp":"2022-06-28 00:37:46.7939527 +0200 CEST m=+821.745726901"}
{"action":"FindByUserName","level":"info","location":"UserHandler","msg":"Successfully founded user by username!","status":"success","time":"2022-06-28T00:37:47+02:00","timestamp":"2022-06-28 00:37:47.4912892 +0200 CEST m=+822.443063401"}
{"action":"UpdateUserProfileInfo","level":"info","location":"UpdateProfileHandler","msg":"Successfully updated user profile info!","status":"success","time":"2022-06-28T00:37:56+02:00","timestamp":"2022-06-28 00:37:56.5877025 +0200 CEST m=+831.539476701"}
{"action":"FindByUserName","level":"info","location":"UserHandler","msg":"Successfully founded user by username!","status":"success","time":"2022-06-28T00:37:57+02:00","timestamp":"2022-06-28 00:37:57.1117064 +0200 CEST m=+832.063480601"}
{"action":"UpdateUserProfileInfo","level":"info","location":"UpdateProfileHandler","msg":"Successfully updated user profile info!","status":"success","time":"2022-06-28T00:38:31+02:00","timestamp":"2022-06-28 00:38:31.1898142 +0200 CEST m=+866.141588401"}
{"action":"FindByUserName","level":"info","location":"UserHandler","msg":"Successfully founded user by username!","status":"success","time":"2022-06-28T00:38:31+02:00","timestamp":"2022-06-28 00:38:31.7779601 +0200 CEST m=+866.729734301"}
{"action":"SendConfirmationMail","level":"info","location":"RegisterHandler","msg":"Successfully sended email with confirmation token!","status":"success","time":"2022-06-28T00:50:20+02:00","timestamp":"2022-06-28 00:50:20.3512653 +0200 CEST m=+1575.303039501"}
{"action":"LogIn","level":"info","location":"LogInHandler","msg":"Successfully sign in user","status":"success","time":"2022-06-28T00:50:41+02:00","timestamp":"2022-06-28 00:50:41.6767274 +0200 CEST m=+1596.628501601"}
{"action":"FindByUserName","level":"info","location":"UserHandler","msg":"Successfully founded user by username!","status":"success","time":"2022-06-28T00:50:43+02:00","timestamp":"2022-06-28 00:50:43.143364 +0200 CEST m=+1598.095138201"}
{"action":"LogIn","level":"info","location":"LogInHandler","msg":"Successfully sign in user","status":"success","time":"2022-06-28T01:46:20+02:00","timestamp":"2022-06-28 01:46:20.3480154 +0200 CEST m=+35.218972401"}
{"action":"FindByUserName","level":"info","location":"UserHandler","msg":"Successfully founded user by username!","status":"success","time":"2022-06-28T01:46:21+02:00","timestamp":"2022-06-28 01:46:21.8123729 +0200 CEST m=+36.683329901"}
{"action":"FindByUserName","level":"info","location":"UserHandler","msg":"Successfully founded user by username!","status":"success","time":"2022-06-28T01:46:34+02:00","timestamp":"2022-06-28 01:46:34.78388 +0200 CEST m=+49.654837001"}
{"action":"FindByUserName","level":"info","location":"UserHandler","msg":"Successfully founded user by username!","status":"success","time":"2022-06-28T01:46:56+02:00","timestamp":"2022-06-28 01:46:56.9536713 +0200 CEST m=+71.824628301"}
{"action":"FindByUserName","level":"info","location":"UserHandler","msg":"Successfully founded user by username!","status":"success","time":"2022-06-28T01:48:02+02:00","timestamp":"2022-06-28 01:48:02.8814366 +0200 CEST m=+137.752393601"}
{"action":"FindByUserName","level":"info","location":"UserHandler","msg":"Successfully founded user by username!","status":"success","time":"2022-06-28T01:48:10+02:00","timestamp":"2022-06-28 01:48:10.8040992 +0200 CEST m=+145.675056201"}
{"action":"FindByUserName","level":"info","location":"UserHandler","msg":"Successfully founded user by username!","status":"success","time":"2022-06-28T01:49:13+02:00","timestamp":"2022-06-28 01:49:13.1593086 +0200 CEST m=+208.030265601"}
{"action":"FindByUserName","level":"info","location":"UserHandler","msg":"Successfully founded user by username!","status":"success","time":"2022-06-28T01:49:40+02:00","timestamp":"2022-06-28 01:49:40.0703571 +0200 CEST m=+234.941314101"}
{"action":"FindByUserName","level":"info","location":"UserHandler","msg":"Successfully founded user by username!","status":"success","time":"2022-06-28T01:49:45+02:00","timestamp":"2022-06-28 01:49:45.7902465 +0200 CEST m=+240.661203501"}
{"action":"FindByUserName","level":"info","location":"UserHandler","msg":"Successfully founded user by username!","status":"success","time":"2022-06-28T01:54:53+02:00","timestamp":"2022-06-28 01:54:53.4287994 +0200 CEST m=+28.404793701"}
{"action":"FindByUserName","level":"info","location":"UserHandler","msg":"Successfully founded user by username!","status":"success","time":"2022-06-28T01:55:00+02:00","timestamp":"2022-06-28 01:55:00.6583419 +0200 CEST m=+35.634336201"}
{"action":"FindByUserName","level":"info","location":"UserHandler","msg":"Successfully founded user by username!","status":"success","time":"2022-06-28T01:55:10+02:00","timestamp":"2022-06-28 01:55:10.9658367 +0200 CEST m=+45.941831001"}
{"action":"FindByUserName","level":"info","location":"UserHandler","msg":"Successfully founded user by username!","status":"success","time":"2022-06-28T01:55:15+02:00","timestamp":"2022-06-28 01:55:15.078755 +0200 CEST m=+50.054749301"}
{"action":"LogIn","level":"info","location":"LogInHandler","msg":"Successfully sign in user","status":"success","time":"2022-06-28T02:09:18+02:00","timestamp":"2022-06-28 02:09:18.2635993 +0200 CEST m=+79.627572301"}
{"action":"FindByUserName","level":"info","location":"UserHandler","msg":"Successfully founded user by username!","status":"success","time":"2022-06-28T02:09:20+02:00","timestamp":"2022-06-28 02:09:20.9807134 +0200 CEST m=+82.344686401"}
{"action":"UpdateUserProfileInfo","level":"info","location":"UpdateProfileHandler","msg":"Successfully updated user profile info!","status":"success","time":"2022-06-28T02:09:27+02:00","timestamp":"2022-06-28 02:09:27.6105577 +0200 CEST m=+88.974530701"}
{"action":"FindByUserName","level":"info","location":"UserHandler","msg":"Successfully founded user by username!","status":"success","time":"2022-06-28T02:09:28+02:00","timestamp":"2022-06-28 02:09:28.2311819 +0200 CEST m=+89.595154901"}
{"action":"UpdateUserProfileInfo","level":"info","location":"UpdateProfileHandler","msg":"Successfully updated user profile info!","status":"success","time":"2022-06-28T02:09:36+02:00","timestamp":"2022-06-28 02:09:36.6302301 +0200 CEST m=+97.994203101"}
{"action":"FindByUserName","level":"info","location":"UserHandler","msg":"Successfully founded user by username!","status":"success","time":"2022-06-28T02:09:37+02:00","timestamp":"2022-06-28 02:09:37.1646793 +0200 CEST m=+98.528652301"}
{"action":"UpdateUserProfileInfo","level":"info","location":"UpdateProfileHandler","msg":"Successfully updated user profile info!","status":"success","time":"2022-06-28T02:09:43+02:00","timestamp":"2022-06-28 02:09:43.4292143 +0200 CEST m=+104.793187301"}
{"action":"FindByUserName","level":"info","location":"UserHandler","msg":"Successfully founded user by username!","status":"success","time":"2022-06-28T02:09:44+02:00","timestamp":"2022-06-28 02:09:44.2664737 +0200 CEST m=+105.630446701"}
{"action":"UpdateUserProfileInfo","level":"info","location":"UpdateProfileHandler","msg":"Successfully updated user profile info!","status":"success","time":"2022-06-28T02:09:50+02:00","timestamp":"2022-06-28 02:09:50.2476204 +0200 CEST m=+111.611593401"}
{"action":"FindByUserName","level":"info","location":"UserHandler","msg":"Successfully founded user by username!","status":"success","time":"2022-06-28T02:09:50+02:00","timestamp":"2022-06-28 02:09:50.8208841 +0200 CEST m=+112.184857101"}
{"action":"LogIn","level":"info","location":"LogInHandler","msg":"Successfully sign in user","status":"success","time":"2022-06-28T02:14:15+02:00","timestamp":"2022-06-28 02:14:15.1455669 +0200 CEST m=+376.509539901"}
{"action":"FindByUserName","level":"info","location":"UserHandler","msg":"Successfully founded user by username!","status":"success","time":"2022-06-28T02:14:16+02:00","timestamp":"2022-06-28 02:14:16.5862606 +0200 CEST m=+377.950233601"}
{"action":"FindByUserName","level":"info","location":"UserHandler","msg":"Successfully founded user by username!","status":"success","time":"2022-06-28T02:14:22+02:00","timestamp":"2022-06-28 02:14:22.7935364 +0200 CEST m=+384.157509401"}
{"action":"FindByUserName","level":"info","location":"UserHandler","msg":"Successfully founded user by username!","status":"success","time":"2022-06-28T02:14:29+02:00","timestamp":"2022-06-28 02:14:29.9938862 +0200 CEST m=+391.357859201"}
{"action":"FindByUserName","level":"info","location":"UserHandler","msg":"Successfully founded user by username!","status":"success","time":"2022-06-28T02:14:37+02:00","timestamp":"2022-06-28 02:14:37.1741703 +0200 CEST m=+398.538143301"}
{"action":"FindByUserName","level":"info","location":"UserHandler","msg":"Successfully founded user by username!","status":"success","time":"2022-06-28T02:15:10+02:00","timestamp":"2022-06-28 02:15:10.8571267 +0200 CEST m=+432.221099701"}
{"action":"LogIn","level":"info","location":"LogInHandler","msg":"Successfully sign in user","status":"success","time":"2022-06-28T02:59:33+02:00","timestamp":"2022-06-28 02:59:33.8498041 +0200 CEST m=+2597.174531601"}
{"action":"FindByUserName","level":"info","location":"UserHandler","msg":"Successfully founded user by username!","status":"success","time":"2022-06-28T02:59:36+02:00","timestamp":"2022-06-28 02:59:36.2914765 +0200 CEST m=+2599.616204001"}
{"action":"FindByUserName","level":"info","location":"UserHandler","msg":"Successfully founded user by username!","status":"success","time":"2022-06-28T02:59:41+02:00","timestamp":"2022-06-28 02:59:41.8833749 +0200 CEST m=+2605.208102401"}
{"action":"LogIn","level":"info","location":"LogInHandler","msg":"Successfully sign in user","status":"success","time":"2022-06-28T03:00:13+02:00","timestamp":"2022-06-28 03:00:13.9999423 +0200 CEST m=+2637.324669801"}
{"action":"FindByUserName","level":"info","location":"UserHandler","msg":"Successfully founded user by username!","status":"success","time":"2022-06-28T03:00:15+02:00","timestamp":"2022-06-28 03:00:15.4705208 +0200 CEST m=+2638.795248301"}
{"action":"FindByUserName","level":"info","location":"UserHandler","msg":"Successfully founded user by username!","status":"success","time":"2022-06-28T03:00:19+02:00","timestamp":"2022-06-28 03:00:19.6780828 +0200 CEST m=+2643.002810301"}
{"action":"LogIn","level":"info","location":"LogInHandler","msg":"Successfully sign in user","status":"success","time":"2022-06-28T14:37:10+02:00","timestamp":"2022-06-28 14:37:10.1066932 +0200 CEST m=+91.753873601"}
{"action":"FindByUserName","level":"info","location":"UserHandler","msg":"Successfully founded user by username!","status":"success","time":"2022-06-28T14:37:15+02:00","timestamp":"2022-06-28 14:37:15.0120021 +0200 CEST m=+96.659182501"}
{"action":"FindByUserName","level":"info","location":"UserHandler","msg":"Successfully founded user by username!","status":"success","time":"2022-06-28T14:37:19+02:00","timestamp":"2022-06-28 14:37:19.5331792 +0200 CEST m=+101.180359601"}
{"action":"LogIn","level":"info","location":"LogInHandler","msg":"Successfully sign in user","status":"success","time":"2022-06-28T14:38:27+02:00","timestamp":"2022-06-28 14:38:27.3569526 +0200 CEST m=+36.501356101"}
{"action":"FindByUserName","level":"info","location":"UserHandler","msg":"Successfully founded user by username!","status":"success","time":"2022-06-28T14:38:29+02:00","timestamp":"2022-06-28 14:38:29.3251843 +0200 CEST m=+38.469587801"}
{"action":"FindByUserName","level":"info","location":"UserHandler","msg":"Successfully founded user by username!","status":"success","time":"2022-06-28T14:38:33+02:00","timestamp":"2022-06-28 14:38:33.6945424 +0200 CEST m=+42.838945901"}
{"action":"FindByUserName","level":"info","location":"UserHandler","msg":"Successfully founded user by username!","status":"success","time":"2022-06-28T14:38:37+02:00","timestamp":"2022-06-28 14:38:37.7949384 +0200 CEST m=+46.939341901"}
{"action":"LogIn","level":"info","location":"LogInHandler","msg":"Successfully sign in user","status":"success","time":"2022-06-28T14:43:33+02:00","timestamp":"2022-06-28 14:43:33.8977947 +0200 CEST m=+187.922844701"}
{"action":"FindByUserName","level":"info","location":"UserHandler","msg":"Successfully founded user by username!","status":"success","time":"2022-06-28T14:43:35+02:00","timestamp":"2022-06-28 14:43:35.6964993 +0200 CEST m=+189.721549301"}
{"action":"FindByUserName","level":"info","location":"UserHandler","msg":"Successfully founded user by username!","status":"success","time":"2022-06-28T14:43:41+02:00","timestamp":"2022-06-28 14:43:41.5471306 +0200 CEST m=+195.572180601"}
{"action":"FindByUserName","level":"info","location":"UserHandler","msg":"Successfully founded user by username!","status":"success","time":"2022-06-28T14:44:00+02:00","timestamp":"2022-06-28 14:44:00.4581602 +0200 CEST m=+214.483210201"}
{"action":"LogIn","level":"info","location":"LogInHandler","msg":"Successfully sign in user","status":"success","time":"2022-06-28T14:49:54+02:00","timestamp":"2022-06-28 14:49:54.6660941 +0200 CEST m=+309.494192101"}
{"action":"FindByUserName","level":"info","location":"UserHandler","msg":"Successfully founded user by username!","status":"success","time":"2022-06-28T14:49:56+02:00","timestamp":"2022-06-28 14:49:56.0844339 +0200 CEST m=+310.912531901"}
{"action":"FindByUserName","level":"info","location":"UserHandler","msg":"Successfully founded user by username!","status":"success","time":"2022-06-28T14:50:00+02:00","timestamp":"2022-06-28 14:50:00.6442126 +0200 CEST m=+315.472310601"}
{"action":"LogIn","level":"info","location":"LogInHandler","msg":"Successfully sign in user","status":"success","time":"2022-06-28T14:52:16+02:00","timestamp":"2022-06-28 14:52:16.3056165 +0200 CEST m=+451.133714501"}
{"action":"FindByUserName","level":"info","location":"UserHandler","msg":"Successfully founded user by username!","status":"success","time":"2022-06-28T14:52:17+02:00","timestamp":"2022-06-28 14:52:17.6019536 +0200 CEST m=+452.430051601"}
{"action":"UpdateUserProfileInfo","level":"info","location":"UpdateProfileHandler","msg":"Successfully updated user profile info!","status":"success","time":"2022-06-28T14:52:24+02:00","timestamp":"2022-06-28 14:52:24.406383 +0200 CEST m=+459.234481001"}
{"action":"FindByUserName","level":"info","location":"UserHandler","msg":"Successfully founded user by username!","status":"success","time":"2022-06-28T14:52:25+02:00","timestamp":"2022-06-28 14:52:25.0007935 +0200 CEST m=+459.828891501"}
{"action":"LogIn","level":"info","location":"LogInHandler","msg":"Successfully sign in user","status":"success","time":"2022-06-28T14:53:22+02:00","timestamp":"2022-06-28 14:53:22.7246552 +0200 CEST m=+33.625671801"}
{"action":"FindByUserName","level":"info","location":"UserHandler","msg":"Successfully founded user by username!","status":"success","time":"2022-06-28T14:53:24+02:00","timestamp":"2022-06-28 14:53:24.1602174 +0200 CEST m=+35.061234001"}
{"action":"UpdateUserProfileInfo","level":"info","location":"UpdateProfileHandler","msg":"Successfully updated user profile info!","status":"success","time":"2022-06-28T14:53:29+02:00","timestamp":"2022-06-28 14:53:29.3136722 +0200 CEST m=+40.214688801"}
{"action":"FindByUserName","level":"info","location":"UserHandler","msg":"Successfully founded user by username!","status":"success","time":"2022-06-28T14:53:29+02:00","timestamp":"2022-06-28 14:53:29.9024819 +0200 CEST m=+40.803498501"}
{"action":"UpdateUserProfileInfo","level":"info","location":"UpdateProfileHandler","msg":"Successfully updated user profile info!","status":"success","time":"2022-06-28T14:53:38+02:00","timestamp":"2022-06-28 14:53:38.2386628 +0200 CEST m=+49.139679401"}
{"action":"FindByUserName","level":"info","location":"UserHandler","msg":"Successfully founded user by username!","status":"success","time":"2022-06-28T14:53:38+02:00","timestamp":"2022-06-28 14:53:38.8832197 +0200 CEST m=+49.784236301"}
{"action":"UpdateUserProfileInfo","level":"info","location":"UpdateProfileHandler","msg":"Successfully updated user profile info!","status":"success","time":"2022-06-28T14:53:45+02:00","timestamp":"2022-06-28 14:53:45.2606439 +0200 CEST m=+56.161660501"}
{"action":"FindByUserName","level":"info","location":"UserHandler","msg":"Successfully founded user by username!","status":"success","time":"2022-06-28T14:53:45+02:00","timestamp":"2022-06-28 14:53:45.828544 +0200 CEST m=+56.729560601"}
{"action":"UpdateUserProfileInfo","level":"info","location":"UpdateProfileHandler","msg":"Successfully updated user profile info!","status":"success","time":"2022-06-28T14:53:53+02:00","timestamp":"2022-06-28 14:53:53.6856208 +0200 CEST m=+64.586637401"}
{"action":"FindByUserName","level":"info","location":"UserHandler","msg":"Successfully founded user by username!","status":"success","time":"2022-06-28T14:53:54+02:00","timestamp":"2022-06-28 14:53:54.2582593 +0200 CEST m=+65.159275901"}
{"action":"LogIn","level":"info","location":"LogInHandler","msg":"Successfully sign in user","status":"success","time":"2022-06-28T15:00:04+02:00","timestamp":"2022-06-28 15:00:04.0524448 +0200 CEST m=+21.880603601"}
{"action":"FindByUserName","level":"info","location":"UserHandler","msg":"Successfully founded user by username!","status":"success","time":"2022-06-28T15:00:05+02:00","timestamp":"2022-06-28 15:00:05.6451267 +0200 CEST m=+23.473285501"}
{"action":"FindByUserName","level":"info","location":"UserHandler","msg":"Successfully founded user by username!","status":"success","time":"2022-06-28T15:00:12+02:00","timestamp":"2022-06-28 15:00:12.3486609 +0200 CEST m=+30.176819701"}
{"action":"UpdateUserProfileInfo","level":"info","location":"UpdateProfileHandler","msg":"Successfully updated user profile info!","status":"success","time":"2022-06-28T15:00:28+02:00","timestamp":"2022-06-28 15:00:28.2428078 +0200 CEST m=+46.070966601"}
{"action":"FindByUserName","level":"info","location":"UserHandler","msg":"Successfully founded user by username!","status":"success","time":"2022-06-28T15:00:29+02:00","timestamp":"2022-06-28 15:00:29.1868386 +0200 CEST m=+47.014997401"}
{"action":"LogIn","level":"info","location":"LogInHandler","msg":"Successfully sign in user","status":"success","time":"2022-06-28T15:27:50+02:00","timestamp":"2022-06-28 15:27:50.7178849 +0200 CEST m=+327.221293901"}
{"action":"FindByUserName","level":"info","location":"UserHandler","msg":"Successfully founded user by username!","status":"success","time":"2022-06-28T15:27:52+02:00","timestamp":"2022-06-28 15:27:52.3195375 +0200 CEST m=+328.822946501"}
{"action":"UpdateUserProfileInfo","level":"info","location":"UpdateProfileHandler","msg":"Successfully updated user profile info!","status":"success","time":"2022-06-28T15:27:56+02:00","timestamp":"2022-06-28 15:27:56.0331347 +0200 CEST m=+332.536543701"}
{"action":"FindByUserName","level":"info","location":"UserHandler","msg":"Successfully founded user by username!","status":"success","time":"2022-06-28T15:27:57+02:00","timestamp":"2022-06-28 15:27:57.0455216 +0200 CEST m=+333.548930601"}
{"action":"UpdateUserProfileInfo","level":"info","location":"UpdateProfileHandler","msg":"Successfully updated user profile info!","status":"success","time":"2022-06-28T15:28:01+02:00","timestamp":"2022-06-28 15:28:01.9826336 +0200 CEST m=+338.486042601"}
{"action":"FindByUserName","level":"info","location":"UserHandler","msg":"Successfully founded user by username!","status":"success","time":"2022-06-28T15:28:02+02:00","timestamp":"2022-06-28 15:28:02.5676222 +0200 CEST m=+339.071031201"}
{"action":"FindByUserName","level":"info","location":"UserHandler","msg":"Successfully founded user by username!","status":"success","time":"2022-06-28T15:28:09+02:00","timestamp":"2022-06-28 15:28:09.1350093 +0200 CEST m=+345.638418301"}
{"action":"UpdateUserProfileInfo","level":"info","location":"UpdateProfileHandler","msg":"Successfully updated user profile info!","status":"success","time":"2022-06-28T15:28:14+02:00","timestamp":"2022-06-28 15:28:14.9696759 +0200 CEST m=+351.473084901"}
{"action":"FindByUserName","level":"info","location":"UserHandler","msg":"Successfully founded user by username!","status":"success","time":"2022-06-28T15:28:15+02:00","timestamp":"2022-06-28 15:28:15.5688635 +0200 CEST m=+352.072272501"}
{"action":"UpdateUserProfileInfo","level":"info","location":"UpdateProfileHandler","msg":"Successfully updated user profile info!","status":"success","time":"2022-06-28T15:28:20+02:00","timestamp":"2022-06-28 15:28:20.2974691 +0200 CEST m=+356.800878101"}
{"action":"FindByUserName","level":"info","location":"UserHandler","msg":"Successfully founded user by username!","status":"success","time":"2022-06-28T15:28:21+02:00","timestamp":"2022-06-28 15:28:21.2350519 +0200 CEST m=+357.738460901"}
{"action":"FindByUserName","level":"info","location":"UserHandler","msg":"Successfully founded user by username!","status":"success","time":"2022-06-28T15:28:26+02:00","timestamp":"2022-06-28 15:28:26.1196339 +0200 CEST m=+362.623042901"}
{"action":"FindByUserName","level":"info","location":"UserHandler","msg":"Successfully founded user by username!","status":"success","time":"2022-06-28T15:28:34+02:00","timestamp":"2022-06-28 15:28:34.4497047 +0200 CEST m=+370.953113701"}
{"action":"UpdateUserProfileInfo","level":"info","location":"UpdateProfileHandler","msg":"Successfully updated user profile info!","status":"success","time":"2022-06-28T15:28:55+02:00","timestamp":"2022-06-28 15:28:55.7186894 +0200 CEST m=+392.222098401"}
{"action":"FindByUserName","level":"info","location":"UserHandler","msg":"Successfully founded user by username!","status":"success","time":"2022-06-28T15:28:56+02:00","timestamp":"2022-06-28 15:28:56.7056977 +0200 CEST m=+393.209106701"}
{"action":"UpdateUserProfileInfo","level":"info","location":"UpdateProfileHandler","msg":"Successfully updated user profile info!","status":"success","time":"2022-06-28T15:29:02+02:00","timestamp":"2022-06-28 15:29:02.6636803 +0200 CEST m=+399.167089301"}
{"action":"FindByUserName","level":"info","location":"UserHandler","msg":"Successfully founded user by username!","status":"success","time":"2022-06-28T15:29:03+02:00","timestamp":"2022-06-28 15:29:03.2662562 +0200 CEST m=+399.769665201"}
{"action":"LogIn","level":"info","location":"LogInHandler","msg":"Successfully sign in user","status":"success","time":"2022-06-28T15:50:19+02:00","timestamp":"2022-06-28 15:50:19.9855381 +0200 CEST m=+261.682981901"}
{"action":"FindByUserName","level":"info","location":"UserHandler","msg":"Successfully founded user by username!","status":"success","time":"2022-06-28T15:50:21+02:00","timestamp":"2022-06-28 15:50:21.5668763 +0200 CEST m=+263.264320101"}
{"action":"UpdateUserProfileInfo","level":"info","location":"UpdateProfileHandler","msg":"Successfully updated user profile info!","status":"success","time":"2022-06-28T15:50:26+02:00","timestamp":"2022-06-28 15:50:26.278664 +0200 CEST m=+267.976107801"}
{"action":"FindByUserName","level":"info","location":"UserHandler","msg":"Successfully founded user by username!","status":"success","time":"2022-06-28T15:50:26+02:00","timestamp":"2022-06-28 15:50:26.9614238 +0200 CEST m=+268.658867601"}
{"action":"FindByUserName","level":"info","location":"UserHandler","msg":"Successfully founded user by username!","status":"success","time":"2022-06-28T15:50:55+02:00","timestamp":"2022-06-28 15:50:55.4918743 +0200 CEST m=+297.189318101"}
{"action":"FindByUserName","level":"info","location":"UserHandler","msg":"Successfully founded user by username!","status":"success","time":"2022-06-28T15:52:01+02:00","timestamp":"2022-06-28 15:52:01.417122 +0200 CEST m=+363.114565801"}
{"action":"LogIn","level":"info","location":"LogInHandler","msg":"Successfully sign in user","status":"success","time":"2022-06-28T15:52:26+02:00","timestamp":"2022-06-28 15:52:26.2863614 +0200 CEST m=+387.983805201"}
{"action":"FindByUserName","level":"info","location":"UserHandler","msg":"Successfully founded user by username!","status":"success","time":"2022-06-28T15:52:27+02:00","timestamp":"2022-06-28 15:52:27.7384758 +0200 CEST m=+389.435919601"}
{"action":"UpdateUserProfileInfo","level":"info","location":"UpdateProfileHandler","msg":"Successfully updated user profile info!","status":"success","time":"2022-06-28T15:52:33+02:00","timestamp":"2022-06-28 15:52:33.0684979 +0200 CEST m=+394.765941701"}
{"action":"FindByUserName","level":"info","location":"UserHandler","msg":"Successfully founded user by username!","status":"success","time":"2022-06-28T15:52:33+02:00","timestamp":"2022-06-28 15:52:33.630055 +0200 CEST m=+395.327498801"}
{"action":"FindByUserName","level":"info","location":"UserHandler","msg":"Successfully founded user by username!","status":"success","time":"2022-06-28T15:53:51+02:00","timestamp":"2022-06-28 15:53:51.4905398 +0200 CEST m=+473.187983601"}
{"action":"UpdateUserProfileInfo","level":"info","location":"UpdateProfileHandler","msg":"Successfully updated user profile info!","status":"success","time":"2022-06-28T15:54:00+02:00","timestamp":"2022-06-28 15:54:00.7628131 +0200 CEST m=+482.460256901"}
{"action":"FindByUserName","level":"info","location":"UserHandler","msg":"Successfully founded user by username!","status":"success","time":"2022-06-28T15:54:01+02:00","timestamp":"2022-06-28 15:54:01.620979 +0200 CEST m=+483.318422801"}
{"action":"FindByUserName","level":"info","location":"UserHandler","msg":"Successfully founded user by username!","status":"success","time":"2022-06-28T15:54:09+02:00","timestamp":"2022-06-28 15:54:09.5124749 +0200 CEST m=+491.209918701"}
{"action":"LogIn","level":"info","location":"LogInHandler","msg":"Successfully sign in user","status":"success","time":"2022-06-28T16:19:22+02:00","timestamp":"2022-06-28 16:19:22.2288405 +0200 CEST m=+2003.926284301"}
{"action":"FindByUserName","level":"info","location":"UserHandler","msg":"Successfully founded user by username!","status":"success","time":"2022-06-28T16:19:23+02:00","timestamp":"2022-06-28 16:19:23.5756441 +0200 CEST m=+2005.273087901"}
{"action":"FindByUserName","level":"info","location":"UserHandler","msg":"Successfully founded user by username!","status":"success","time":"2022-06-28T16:19:38+02:00","timestamp":"2022-06-28 16:19:38.8449997 +0200 CEST m=+2020.542443501"}
{"action":"FindByUserName","level":"info","location":"UserHandler","msg":"Successfully founded user by username!","status":"success","time":"2022-06-28T16:19:47+02:00","timestamp":"2022-06-28 16:19:47.6490031 +0200 CEST m=+2029.346446901"}
{"action":"LogIn","level":"info","location":"LogInHandler","msg":"Successfully sign in user","status":"success","time":"2022-06-28T16:20:04+02:00","timestamp":"2022-06-28 16:20:04.4493691 +0200 CEST m=+2046.146812901"}
{"action":"FindByUserName","level":"info","location":"UserHandler","msg":"Successfully founded user by username!","status":"success","time":"2022-06-28T16:20:06+02:00","timestamp":"2022-06-28 16:20:06.4228495 +0200 CEST m=+2048.120293301"}
{"action":"FindByUserName","level":"info","location":"UserHandler","msg":"Successfully founded user by username!","status":"success","time":"2022-06-28T16:20:12+02:00","timestamp":"2022-06-28 16:20:12.2163148 +0200 CEST m=+2053.913758601"}
{"action":"LogIn","level":"info","location":"LogInHandler","msg":"Successfully sign in user","status":"success","time":"2022-06-28T16:30:49+02:00","timestamp":"2022-06-28 16:30:49.6778769 +0200 CEST m=+2691.375320701"}
{"action":"FindByUserName","level":"info","location":"UserHandler","msg":"Successfully founded user by username!","status":"success","time":"2022-06-28T16:30:51+02:00","timestamp":"2022-06-28 16:30:51.106158 +0200 CEST m=+2692.803601801"}
{"action":"LogIn","level":"info","location":"LogInHandler","msg":"Successfully sign in user","status":"success","time":"2022-06-28T16:32:21+02:00","timestamp":"2022-06-28 16:32:21.3820154 +0200 CEST m=+2783.079459201"}
{"action":"FindByUserName","level":"info","location":"UserHandler","msg":"Successfully founded user by username!","status":"success","time":"2022-06-28T16:32:22+02:00","timestamp":"2022-06-28 16:32:22.7720698 +0200 CEST m=+2784.469513601"}
{"action":"FindByUserName","level":"info","location":"UserHandler","msg":"Successfully founded user by username!","status":"success","time":"2022-06-28T16:32:29+02:00","timestamp":"2022-06-28 16:32:29.1652175 +0200 CEST m=+2790.862661301"}
{"action":"FindByUserName","level":"info","location":"UserHandler","msg":"Successfully founded user by username!","status":"success","time":"2022-06-28T16:32:38+02:00","timestamp":"2022-06-28 16:32:38.3538659 +0200 CEST m=+2800.051309701"}
{"action":"UpdateUserProfileInfo","level":"info","location":"UpdateProfileHandler","msg":"Successfully updated user profile info!","status":"success","time":"2022-06-28T16:40:20+02:00","timestamp":"2022-06-28 16:40:20.7863098 +0200 CEST m=+3262.483753601"}
{"action":"FindByUserName","level":"info","location":"UserHandler","msg":"Successfully founded user by username!","status":"success","time":"2022-06-28T16:40:21+02:00","timestamp":"2022-06-28 16:40:21.8170753 +0200 CEST m=+3263.514519101"}
{"action":"UpdateUserProfileInfo","level":"info","location":"UpdateProfileHandler","msg":"Successfully updated user profile info!","status":"success","time":"2022-06-28T16:40:26+02:00","timestamp":"2022-06-28 16:40:26.4121928 +0200 CEST m=+3268.109636601"}
{"action":"FindByUserName","level":"info","location":"UserHandler","msg":"Successfully founded user by username!","status":"success","time":"2022-06-28T16:40:27+02:00","timestamp":"2022-06-28 16:40:27.1261009 +0200 CEST m=+3268.823544701"}
{"action":"FindByUserName","level":"info","location":"UserHandler","msg":"Successfully founded user by username!","status":"success","time":"2022-06-28T16:40:32+02:00","timestamp":"2022-06-28 16:40:32.567186 +0200 CEST m=+3274.264629801"}
{"action":"FindByUserName","level":"info","location":"UserHandler","msg":"Successfully founded user by username!","status":"success","time":"2022-06-28T22:56:10+02:00","timestamp":"2022-06-28 22:56:10.851007 +0200 CEST m=+251.052239401"}
{"action":"FindByUserName","level":"info","location":"UserHandler","msg":"Successfully founded user by username!","status":"success","time":"2022-06-28T22:56:34+02:00","timestamp":"2022-06-28 22:56:34.1880849 +0200 CEST m=+274.389317301"}
{"action":"FindByUserName","level":"info","location":"UserHandler","msg":"Successfully founded user by username!","status":"success","time":"2022-06-28T22:59:46+02:00","timestamp":"2022-06-28 22:59:46.4730121 +0200 CEST m=+12.800221001"}
{"action":"FindByUserName","level":"info","location":"UserHandler","msg":"Successfully founded user by username!","status":"success","time":"2022-06-28T23:00:01+02:00","timestamp":"2022-06-28 23:00:01.6659561 +0200 CEST m=+27.993165001"}
{"action":"FindByUserName","level":"info","location":"UserHandler","msg":"Successfully founded user by username!","status":"success","time":"2022-06-29T00:46:25+02:00","timestamp":"2022-06-29 00:46:25.3413602 +0200 CEST m=+6411.668569101"}
{"action":"FindByUserName","level":"info","location":"UserHandler","msg":"Successfully founded user by username!","status":"success","time":"2022-06-29T00:50:36+02:00","timestamp":"2022-06-29 00:50:36.5489456 +0200 CEST m=+6662.876154501"}
{"action":"FindByUserName","level":"info","location":"UserHandler","msg":"Successfully founded user by username!","status":"success","time":"2022-06-29T00:50:42+02:00","timestamp":"2022-06-29 00:50:42.7106869 +0200 CEST m=+6669.037895801"}
{"action":"FindByUserName","level":"info","location":"UserHandler","msg":"Successfully founded user by username!","status":"success","time":"2022-06-29T00:51:07+02:00","timestamp":"2022-06-29 00:51:07.7036492 +0200 CEST m=+6694.030858101"}
{"action":"FindByUserName","level":"info","location":"UserHandler","msg":"Successfully founded user by username!","status":"success","time":"2022-06-29T00:53:32+02:00","timestamp":"2022-06-29 00:53:32.0350637 +0200 CEST m=+6838.362272601"}
{"action":"FindByUserName","level":"info","location":"UserHandler","msg":"Successfully founded user by username!","status":"success","time":"2022-06-29T00:53:37+02:00","timestamp":"2022-06-29 00:53:37.9851138 +0200 CEST m=+6844.312322701"}
{"action":"FindByUserName","level":"info","location":"UserHandler","msg":"Successfully founded user by username!","status":"success","time":"2022-06-29T00:57:11+02:00","timestamp":"2022-06-29 00:57:11.2498264 +0200 CEST m=+7057.577035301"}
{"action":"FindByUserName","level":"info","location":"UserHandler","msg":"Successfully founded user by username!","status":"success","time":"2022-06-29T01:00:53+02:00","timestamp":"2022-06-29 01:00:53.7401326 +0200 CEST m=+7280.067341501"}
{"action":"FindByUserName","level":"info","location":"UserHandler","msg":"Successfully founded user by username!","status":"success","time":"2022-06-29T01:01:06+02:00","timestamp":"2022-06-29 01:01:06.2383493 +0200 CEST m=+7292.565558201"}
{"action":"FindByUserName","level":"info","location":"UserHandler","msg":"Successfully founded user by username!","status":"success","time":"2022-06-29T01:01:09+02:00","timestamp":"2022-06-29 01:01:09.1794804 +0200 CEST m=+7295.506689301"}
{"action":"FindByUserName","level":"info","location":"UserHandler","msg":"Successfully founded user by username!","status":"success","time":"2022-06-29T01:02:49+02:00","timestamp":"2022-06-29 01:02:49.2553165 +0200 CEST m=+7395.582525401"}
{"action":"FindByUserName","level":"info","location":"UserHandler","msg":"Successfully founded user by username!","status":"success","time":"2022-06-29T01:02:54+02:00","timestamp":"2022-06-29 01:02:54.203492 +0200 CEST m=+7400.530700901"}
{"action":"FindByUserName","level":"info","location":"UserHandler","msg":"Successfully founded user by username!","status":"success","time":"2022-06-29T01:03:13+02:00","timestamp":"2022-06-29 01:03:13.7301903 +0200 CEST m=+7420.057399201"}
{"action":"FindByUserName","level":"info","location":"UserHandler","msg":"Successfully founded user by username!","status":"success","time":"2022-06-29T01:03:17+02:00","timestamp":"2022-06-29 01:03:17.9007086 +0200 CEST m=+7424.227917501"}
{"action":"FindByUserName","level":"info","location":"UserHandler","msg":"Successfully founded user by username!","status":"success","time":"2022-06-29T01:04:07+02:00","timestamp":"2022-06-29 01:04:07.9175919 +0200 CEST m=+7474.244800801"}
{"action":"FindByUserName","level":"info","location":"UserHandler","msg":"Successfully founded user by username!","status":"success","time":"2022-06-29T01:04:08+02:00","timestamp":"2022-06-29 01:04:08.7123675 +0200 CEST m=+7475.039576401"}
{"action":"FindByUserName","level":"info","location":"UserHandler","msg":"Successfully founded user by username!","status":"success","time":"2022-06-29T01:04:13+02:00","timestamp":"2022-06-29 01:04:13.7307744 +0200 CEST m=+7480.057983301"}
{"action":"FindByUserName","level":"info","location":"UserHandler","msg":"Successfully founded user by username!","status":"success","time":"2022-06-29T01:05:04+02:00","timestamp":"2022-06-29 01:05:04.2878349 +0200 CEST m=+7530.615043801"}
{"action":"FindByUserName","level":"info","location":"UserHandler","msg":"Successfully founded user by username!","status":"success","time":"2022-06-29T01:05:05+02:00","timestamp":"2022-06-29 01:05:05.2436854 +0200 CEST m=+7531.570894301"}
{"action":"FindByUserName","level":"info","location":"UserHandler","msg":"Successfully founded user by username!","status":"success","time":"2022-06-29T01:05:09+02:00","timestamp":"2022-06-29 01:05:09.4970411 +0200 CEST m=+7535.824250001"}
{"action":"FindByUserName","level":"info","location":"UserHandler","msg":"Successfully founded user by username!","status":"success","time":"2022-06-29T01:14:00+02:00","timestamp":"2022-06-29 01:14:00.9180819 +0200 CEST m=+8067.245290801"}
{"action":"FindByUserName","level":"info","location":"UserHandler","msg":"Successfully founded user by username!","status":"success","time":"2022-06-29T01:14:08+02:00","timestamp":"2022-06-29 01:14:08.6045532 +0200 CEST m=+8074.931762101"}
{"action":"FindByUserName","level":"info","location":"UserHandler","msg":"Successfully founded user by username!","status":"success","time":"2022-06-29T01:17:43+02:00","timestamp":"2022-06-29 01:17:43.2619117 +0200 CEST m=+8289.589120601"}
{"action":"FindByUserName","level":"info","location":"UserHandler","msg":"Successfully founded user by username!","status":"success","time":"2022-06-29T01:19:10+02:00","timestamp":"2022-06-29 01:19:10.7057238 +0200 CEST m=+8377.032932701"}
{"action":"FindByUserName","level":"info","location":"UserHandler","msg":"Successfully founded user by username!","status":"success","time":"2022-06-29T01:19:56+02:00","timestamp":"2022-06-29 01:19:56.9459565 +0200 CEST m=+8423.273165401"}
{"action":"FindByUserName","level":"info","location":"UserHandler","msg":"Successfully founded user by username!","status":"success","time":"2022-06-29T01:19:58+02:00","timestamp":"2022-06-29 01:19:58.4962906 +0200 CEST m=+8424.823499501"}
{"action":"FindByUserName","level":"info","location":"UserHandler","msg":"Successfully founded user by username!","status":"success","time":"2022-06-29T01:20:03+02:00","timestamp":"2022-06-29 01:20:03.6299422 +0200 CEST m=+8429.957151101"}
{"action":"FindByUserName","level":"info","location":"UserHandler","msg":"Successfully founded user by username!","status":"success","time":"2022-06-29T01:21:07+02:00","timestamp":"2022-06-29 01:21:07.0815626 +0200 CEST m=+8493.408771501"}
{"action":"FindByUserName","level":"info","location":"UserHandler","msg":"Successfully founded user by username!","status":"success","time":"2022-06-29T01:21:08+02:00","timestamp":"2022-06-29 01:21:08.1302731 +0200 CEST m=+8494.457482001"}
{"action":"FindByUserName","level":"info","location":"UserHandler","msg":"Successfully founded user by username!","status":"success","time":"2022-06-29T01:21:08+02:00","timestamp":"2022-06-29 01:21:08.6045222 +0200 CEST m=+8494.931731101"}
{"action":"FindByUserName","level":"info","location":"UserHandler","msg":"Successfully founded user by username!","status":"success","time":"2022-06-29T01:21:08+02:00","timestamp":"2022-06-29 01:21:08.8920864 +0200 CEST m=+8495.219295301"}
{"action":"FindByUserName","level":"info","location":"UserHandler","msg":"Successfully founded user by username!","status":"success","time":"2022-06-29T01:21:09+02:00","timestamp":"2022-06-29 01:21:09.079958 +0200 CEST m=+8495.407166901"}
{"action":"FindByUserName","level":"info","location":"UserHandler","msg":"Successfully founded user by username!","status":"success","time":"2022-06-29T01:21:13+02:00","timestamp":"2022-06-29 01:21:13.8529208 +0200 CEST m=+8500.180129701"}
{"action":"FindByUserName","level":"info","location":"UserHandler","msg":"Successfully founded user by username!","status":"success","time":"2022-06-29T01:21:31+02:00","timestamp":"2022-06-29 01:21:31.9009405 +0200 CEST m=+8518.228149401"}
{"action":"FindByUserName","level":"info","location":"UserHandler","msg":"Successfully founded user by username!","status":"success","time":"2022-06-29T01:21:33+02:00","timestamp":"2022-06-29 01:21:33.0056793 +0200 CEST m=+8519.332888201"}
{"action":"FindByUserName","level":"info","location":"UserHandler","msg":"Successfully founded user by username!","status":"success","time":"2022-06-29T01:21:33+02:00","timestamp":"2022-06-29 01:21:33.4786716 +0200 CEST m=+8519.805880501"}
{"action":"FindByUserName","level":"info","location":"UserHandler","msg":"Successfully founded user by username!","status":"success","time":"2022-06-29T01:21:34+02:00","timestamp":"2022-06-29 01:21:34.1074318 +0200 CEST m=+8520.434640701"}
{"action":"FindByUserName","level":"info","location":"UserHandler","msg":"Successfully founded user by username!","status":"success","time":"2022-06-29T01:21:34+02:00","timestamp":"2022-06-29 01:21:34.8416112 +0200 CEST m=+8521.168820101"}
{"action":"FindByUserName","level":"info","location":"UserHandler","msg":"Successfully founded user by username!","status":"success","time":"2022-06-29T01:21:59+02:00","timestamp":"2022-06-29 01:21:59.9005257 +0200 CEST m=+8546.227734601"}
{"action":"FindByUserName","level":"info","location":"UserHandler","msg":"Successfully founded user by username!","status":"success","time":"2022-06-29T01:22:00+02:00","timestamp":"2022-06-29 01:22:00.4637358 +0200 CEST m=+8546.790944701"}
{"action":"FindByUserName","level":"info","location":"UserHandler","msg":"Successfully founded user by username!","status":"success","time":"2022-06-29T01:22:00+02:00","timestamp":"2022-06-29 01:22:00.8516484 +0200 CEST m=+8547.178857301"}
{"action":"FindByUserName","level":"info","location":"UserHandler","msg":"Successfully founded user by username!","status":"success","time":"2022-06-29T01:22:02+02:00","timestamp":"2022-06-29 01:22:02.4299342 +0200 CEST m=+8548.757143101"}
{"action":"FindByUserName","level":"info","location":"UserHandler","msg":"Successfully founded user by username!","status":"success","time":"2022-06-29T01:23:06+02:00","timestamp":"2022-06-29 01:23:06.8588351 +0200 CEST m=+8613.186044001"}
{"action":"FindByUserName","level":"info","location":"UserHandler","msg":"Successfully founded user by username!","status":"success","time":"2022-06-29T01:23:14+02:00","timestamp":"2022-06-29 01:23:14.3840023 +0200 CEST m=+8620.711211201"}
{"action":"FindByUserName","level":"info","location":"UserHandler","msg":"Successfully founded user by username!","status":"success","time":"2022-06-29T01:38:54+02:00","timestamp":"2022-06-29 01:38:54.1452246 +0200 CEST m=+9560.472433501"}
{"action":"FindByUserName","level":"info","location":"UserHandler","msg":"Successfully founded user by username!","status":"success","time":"2022-06-29T01:38:59+02:00","timestamp":"2022-06-29 01:38:59.3357281 +0200 CEST m=+9565.662937001"}
{"action":"FindByUserName","level":"info","location":"UserHandler","msg":"Successfully founded user by username!","status":"success","time":"2022-06-29T01:41:31+02:00","timestamp":"2022-06-29 01:41:31.0542081 +0200 CEST m=+9717.381417001"}
{"action":"FindByUserName","level":"info","location":"UserHandler","msg":"Successfully founded user by username!","status":"success","time":"2022-06-29T01:41:37+02:00","timestamp":"2022-06-29 01:41:37.2889649 +0200 CEST m=+9723.616173801"}
{"action":"FindByUserName","level":"info","location":"UserHandler","msg":"Successfully founded user by username!","status":"success","time":"2022-06-29T01:43:02+02:00","timestamp":"2022-06-29 01:43:02.0501944 +0200 CEST m=+9808.377403301"}
{"action":"FindByUserName","level":"info","location":"UserHandler","msg":"Successfully founded user by username!","status":"success","time":"2022-06-29T01:44:09+02:00","timestamp":"2022-06-29 01:44:09.4068921 +0200 CEST m=+9875.734101001"}
{"action":"FindByUserName","level":"info","location":"UserHandler","msg":"Successfully founded user by username!","status":"success","time":"2022-06-29T01:44:18+02:00","timestamp":"2022-06-29 01:44:18.6808975 +0200 CEST m=+9885.008106401"}
{"action":"FindByUserName","level":"info","location":"UserHandler","msg":"Successfully founded user by username!","status":"success","time":"2022-06-29T01:44:19+02:00","timestamp":"2022-06-29 01:44:19.7441187 +0200 CEST m=+9886.071327601"}
{"action":"FindByUserName","level":"info","location":"UserHandler","msg":"Successfully founded user by username!","status":"success","time":"2022-06-29T01:44:20+02:00","timestamp":"2022-06-29 01:44:20.3678713 +0200 CEST m=+9886.695080201"}
{"action":"FindByUserName","level":"info","location":"UserHandler","msg":"Successfully founded user by username!","status":"success","time":"2022-06-29T01:44:52+02:00","timestamp":"2022-06-29 01:44:52.265886 +0200 CEST m=+9918.593094901"}
{"action":"FindByUserName","level":"info","location":"UserHandler","msg":"Successfully founded user by username!","status":"success","time":"2022-06-29T01:46:48+02:00","timestamp":"2022-06-29 01:46:48.2043582 +0200 CEST m=+10034.531567101"}
{"action":"FindByUserName","level":"info","location":"UserHandler","msg":"Successfully founded user by username!","status":"success","time":"2022-06-29T01:47:15+02:00","timestamp":"2022-06-29 01:47:15.5218315 +0200 CEST m=+10061.849040401"}
{"action":"FindByUserName","level":"info","location":"UserHandler","msg":"Successfully founded user by username!","status":"success","time":"2022-06-29T01:47:29+02:00","timestamp":"2022-06-29 01:47:29.6371382 +0200 CEST m=+10075.964347101"}
